Start testing: Nov 27 12:41 Фінляндія (зима)
----------------------------------------------------------
1/1 Testing: unit_tests
1/1 Test: unit_tests
Command: "C:/Users/gagin/Desktop/Repo/csad2526KI407StanislavHahin5/build/unit_tests.exe"
Directory: C:/Users/gagin/Desktop/Repo/csad2526KI407StanislavHahin5/build
"unit_tests" start time: Nov 27 12:41 Фінляндія (зима)
Output:
----------------------------------------------------------
[ OK ] PositiveNumbers
[ OK ] NegativeNumbers
[ OK ] MixedSign
[ OK ] LargeNumbers
All tests passed
<end of output>
Test time =   0.01 sec
----------------------------------------------------------
Test Passed.
"unit_tests" end time: Nov 27 12:41 Фінляндія (зима)
"unit_tests" time elapsed: 00:00:00
----------------------------------------------------------

End testing: Nov 27 12:41 Фінляндія (зима)
